{"contracts/DepositsComparator.sol":{"l":{"39":45,"40":45,"41":45,"42":45,"44":45,"45":24,"49":7,"52":7,"57":14,"60":14,"65":21,"66":21,"68":21,"69":8,"74":2,"90":21,"91":21,"98":21,"100":21,"101":21,"116":21,"117":21,"118":21},"path":"/Users/ecompudavid/socious/king-of-fools/packages/hardhat/contracts/DepositsComparator.sol","s":{"1":45,"2":45,"3":45,"4":45,"5":45,"6":24,"7":21,"8":7,"9":7,"10":14,"11":14,"12":21,"13":21,"14":21,"15":13,"16":8,"17":6,"18":2,"19":21,"20":21,"21":21,"22":21,"23":21,"24":21,"25":21},"b":{"1":[24,21],"2":[7,14],"3":[13,8],"4":[6,2]},"f":{"1":45,"2":21,"3":21},"fnMap":{"1":{"name":"greaterThanOrEquals","line":33,"loc":{"start":{"line":33,"column":4},"end":{"line":75,"column":4}}},"2":{"name":"convertWEIToUSD","line":84,"loc":{"start":{"line":84,"column":4},"end":{"line":102,"column":4}}},"3":{"name":"convertUSDCToUSD","line":111,"loc":{"start":{"line":111,"column":4},"end":{"line":120,"column":4}}}},"statementMap":{"1":{"start":{"line":39,"column":8},"end":{"line":39,"column":31}},"2":{"start":{"line":40,"column":8},"end":{"line":40,"column":40}},"3":{"start":{"line":41,"column":8},"end":{"line":41,"column":38}},"4":{"start":{"line":42,"column":8},"end":{"line":42,"column":47}},"5":{"start":{"line":44,"column":8},"end":{"line":44,"column":1896}},"6":{"start":{"line":45,"column":12},"end":{"line":45,"column":2003}},"7":{"start":{"line":48,"column":15},"end":{"line":48,"column":2083}},"8":{"start":{"line":49,"column":12},"end":{"line":49,"column":2131}},"9":{"start":{"line":52,"column":12},"end":{"line":52,"column":2280}},"10":{"start":{"line":57,"column":12},"end":{"line":57,"column":2414}},"11":{"start":{"line":60,"column":12},"end":{"line":60,"column":2563}},"12":{"start":{"line":65,"column":8},"end":{"line":65,"column":76}},"13":{"start":{"line":66,"column":8},"end":{"line":66,"column":2790}},"14":{"start":{"line":68,"column":8},"end":{"line":68,"column":77}},"15":{"start":{"line":68,"column":66},"end":{"line":68,"column":77}},"16":{"start":{"line":69,"column":8},"end":{"line":69,"column":2964}},"17":{"start":{"line":73,"column":10},"end":{"line":73,"column":21}},"18":{"start":{"line":74,"column":8},"end":{"line":74,"column":20}},"19":{"start":{"line":90,"column":8},"end":{"line":90,"column":55}},"20":{"start":{"line":91,"column":8},"end":{"line":91,"column":63}},"21":{"start":{"line":98,"column":8},"end":{"line":98,"column":41}},"22":{"start":{"line":100,"column":8},"end":{"line":100,"column":63}},"23":{"start":{"line":101,"column":8},"end":{"line":101,"column":68}},"24":{"start":{"line":116,"column":8},"end":{"line":116,"column":42}},"25":{"start":{"line":118,"column":12},"end":{"line":118,"column":78}}},"branchMap":{"1":{"line":44,"type":"if","locations":[{"start":{"line":44,"column":8},"end":{"line":44,"column":8}},{"start":{"line":44,"column":8},"end":{"line":44,"column":8}}]},"2":{"line":48,"type":"if","locations":[{"start":{"line":48,"column":15},"end":{"line":48,"column":15}},{"start":{"line":48,"column":15},"end":{"line":48,"column":15}}]},"3":{"line":68,"type":"if","locations":[{"start":{"line":68,"column":8},"end":{"line":68,"column":8}},{"start":{"line":68,"column":8},"end":{"line":68,"column":8}}]},"4":{"line":69,"type":"if","locations":[{"start":{"line":69,"column":8},"end":{"line":69,"column":8}},{"start":{"line":69,"column":8},"end":{"line":69,"column":8}}]}}},"contracts/KingOfTheFools.sol":{"l":{"45":105,"46":104,"51":43,"52":37,"59":38,"60":37,"65":3,"66":3,"67":3,"72":66,"73":66,"74":66,"84":4,"88":4,"90":4,"91":4,"93":3,"95":3,"102":3,"118":12,"120":12,"127":12,"145":11,"147":11,"157":5,"162":1,"167":1,"172":1,"181":26,"182":11,"185":26,"186":26,"187":26,"193":6,"194":6,"195":5,"196":2,"197":2,"203":5,"204":3,"205":3,"208":5,"218":47},"path":"/Users/ecompudavid/socious/king-of-fools/packages/hardhat/contracts/KingOfTheFools.sol","s":{"1":105,"2":43,"3":38,"4":3,"5":3,"6":3,"7":66,"8":66,"9":66,"10":4,"11":4,"12":4,"13":3,"14":3,"15":3,"16":12,"17":12,"18":12,"19":11,"20":11,"21":5,"22":1,"23":1,"24":1,"25":26,"26":11,"27":15,"28":26,"29":26,"30":26,"31":6,"32":6,"33":5,"34":2,"35":2,"36":5,"37":3,"38":3,"39":5,"40":47},"b":{"1":[1,104],"2":[1,37],"3":[1,3],"4":[11,15],"5":[1,5],"6":[2,3],"7":[3,2],"8":[6,41]},"f":{"1":105,"2":43,"3":38,"4":3,"5":66,"6":4,"7":12,"8":11,"9":5,"10":1,"11":1,"12":1,"13":26,"14":6,"15":47},"fnMap":{"1":{"name":"onlyProxy","line":44,"loc":{"start":{"line":44,"column":4},"end":{"line":47,"column":4}}},"2":{"name":"onlyValidDeposit","line":50,"loc":{"start":{"line":50,"column":4},"end":{"line":53,"column":4}}},"3":{"name":"notCurrentKing","line":58,"loc":{"start":{"line":58,"column":4},"end":{"line":61,"column":4}}},"4":{"name":"constructor","line":64,"loc":{"start":{"line":64,"column":4},"end":{"line":68,"column":4}}},"5":{"name":"initialize","line":71,"loc":{"start":{"line":71,"column":4},"end":{"line":75,"column":4}}},"6":{"name":"depositUSDCWithPermit","line":82,"loc":{"start":{"line":78,"column":4},"end":{"line":108,"column":4}}},"7":{"name":"depositUSDCWithoutPermit","line":116,"loc":{"start":{"line":111,"column":4},"end":{"line":133,"column":4}}},"8":{"name":"depositETH","line":143,"loc":{"start":{"line":136,"column":4},"end":{"line":153,"column":4}}},"9":{"name":"withdrawClaim","line":156,"loc":{"start":{"line":156,"column":4},"end":{"line":158,"column":4}}},"10":{"name":"withdrawContractsClaim","line":161,"loc":{"start":{"line":161,"column":4},"end":{"line":163,"column":4}}},"11":{"name":"pause","line":166,"loc":{"start":{"line":166,"column":4},"end":{"line":168,"column":4}}},"12":{"name":"unpause","line":171,"loc":{"start":{"line":171,"column":4},"end":{"line":173,"column":4}}},"13":{"name":"onDeposit","line":180,"loc":{"start":{"line":180,"column":4},"end":{"line":188,"column":4}}},"14":{"name":"_withdrawClaim","line":190,"loc":{"start":{"line":190,"column":4},"end":{"line":209,"column":4}}},"15":{"name":"requireValidDeposit","line":214,"loc":{"start":{"line":214,"column":4},"end":{"line":226,"column":4}}}},"statementMap":{"1":{"start":{"line":45,"column":8},"end":{"line":45,"column":61}},"2":{"start":{"line":51,"column":8},"end":{"line":51,"column":45}},"3":{"start":{"line":59,"column":8},"end":{"line":59,"column":79}},"4":{"start":{"line":65,"column":8},"end":{"line":65,"column":29}},"5":{"start":{"line":66,"column":8},"end":{"line":66,"column":37}},"6":{"start":{"line":67,"column":8},"end":{"line":67,"column":15}},"7":{"start":{"line":72,"column":8},"end":{"line":72,"column":23}},"8":{"start":{"line":73,"column":8},"end":{"line":73,"column":24}},"9":{"start":{"line":74,"column":8},"end":{"line":74,"column":37}},"10":{"start":{"line":84,"column":8},"end":{"line":84,"column":3215}},"11":{"start":{"line":90,"column":8},"end":{"line":90,"column":69}},"12":{"start":{"line":91,"column":8},"end":{"line":91,"column":60}},"13":{"start":{"line":93,"column":8},"end":{"line":93,"column":59}},"14":{"start":{"line":95,"column":8},"end":{"line":95,"column":3652}},"15":{"start":{"line":102,"column":8},"end":{"line":102,"column":3833}},"16":{"start":{"line":118,"column":8},"end":{"line":118,"column":59}},"17":{"start":{"line":120,"column":8},"end":{"line":120,"column":4309}},"18":{"start":{"line":127,"column":8},"end":{"line":127,"column":4486}},"19":{"start":{"line":145,"column":8},"end":{"line":145,"column":60}},"20":{"start":{"line":147,"column":8},"end":{"line":147,"column":5021}},"21":{"start":{"line":157,"column":8},"end":{"line":157,"column":45}},"22":{"start":{"line":162,"column":8},"end":{"line":162,"column":48}},"23":{"start":{"line":167,"column":8},"end":{"line":167,"column":15}},"24":{"start":{"line":172,"column":8},"end":{"line":172,"column":17}},"25":{"start":{"line":181,"column":8},"end":{"line":181,"column":6176}},"26":{"start":{"line":182,"column":12},"end":{"line":182,"column":55}},"27":{"start":{"line":183,"column":13},"end":{"line":183,"column":57}},"28":{"start":{"line":185,"column":8},"end":{"line":185,"column":34}},"29":{"start":{"line":186,"column":8},"end":{"line":186,"column":31}},"30":{"start":{"line":187,"column":8},"end":{"line":187,"column":42}},"31":{"start":{"line":193,"column":8},"end":{"line":193,"column":69}},"32":{"start":{"line":194,"column":8},"end":{"line":194,"column":70}},"33":{"start":{"line":195,"column":8},"end":{"line":195,"column":6666}},"34":{"start":{"line":196,"column":12},"end":{"line":196,"column":53}},"35":{"start":{"line":197,"column":12},"end":{"line":197,"column":6761}},"36":{"start":{"line":203,"column":8},"end":{"line":203,"column":6929}},"37":{"start":{"line":204,"column":12},"end":{"line":204,"column":52}},"38":{"start":{"line":205,"column":12},"end":{"line":205,"column":50}},"39":{"start":{"line":208,"column":8},"end":{"line":208,"column":83}},"40":{"start":{"line":218,"column":8},"end":{"line":218,"column":7491}}},"branchMap":{"1":{"line":45,"type":"if","locations":[{"start":{"line":45,"column":8},"end":{"line":45,"column":8}},{"start":{"line":45,"column":8},"end":{"line":45,"column":8}}]},"2":{"line":59,"type":"if","locations":[{"start":{"line":59,"column":8},"end":{"line":59,"column":8}},{"start":{"line":59,"column":8},"end":{"line":59,"column":8}}]},"3":{"line":91,"type":"if","locations":[{"start":{"line":91,"column":8},"end":{"line":91,"column":8}},{"start":{"line":91,"column":8},"end":{"line":91,"column":8}}]},"4":{"line":181,"type":"if","locations":[{"start":{"line":181,"column":8},"end":{"line":181,"column":8}},{"start":{"line":181,"column":8},"end":{"line":181,"column":8}}]},"5":{"line":194,"type":"if","locations":[{"start":{"line":194,"column":8},"end":{"line":194,"column":8}},{"start":{"line":194,"column":8},"end":{"line":194,"column":8}}]},"6":{"line":195,"type":"if","locations":[{"start":{"line":195,"column":8},"end":{"line":195,"column":8}},{"start":{"line":195,"column":8},"end":{"line":195,"column":8}}]},"7":{"line":203,"type":"if","locations":[{"start":{"line":203,"column":8},"end":{"line":203,"column":8}},{"start":{"line":203,"column":8},"end":{"line":203,"column":8}}]},"8":{"line":218,"type":"if","locations":[{"start":{"line":218,"column":8},"end":{"line":218,"column":8}},{"start":{"line":218,"column":8},"end":{"line":218,"column":8}}]}}},"contracts/PriceConsumerV3.sol":{"l":{"18":21,"26":21},"path":"/Users/ecompudavid/socious/king-of-fools/packages/hardhat/contracts/PriceConsumerV3.sol","s":{"1":21,"2":21},"b":{},"f":{"1":21},"fnMap":{"1":{"name":"usdPerETH","line":17,"loc":{"start":{"line":17,"column":4},"end":{"line":27,"column":4}}}},"statementMap":{"1":{"start":{"line":18,"column":8},"end":{"line":18,"column":594}},"2":{"start":{"line":26,"column":8},"end":{"line":26,"column":29}}},"branchMap":{}}}